2021-03-02T19:18:37+00:00 NOTICE sync_store :: posting data :: Array
(
    [store_post] => Array
        (
            [id] => 603e8dc04e737
            [is_syncing] => 
            [platform] => woocommerce
            [list_id] => 6c3d0825fd
            [name] => admin
            [domain] => http://tikken23.beget.tech
            [email_address] => tikken23@gmail.com
            [currency_code] => GBP
            [money_format] => £
            [primary_locale] => ru_RU
            [timezone] => +03:00
            [phone] => 89052821155
            [address] => Array
                (
                    [address1] => test
                    [city] => Санкт-Петербург
                    [province] => spb
                    [postal_code] => 236001
                    [country] => RU
                    [country_code] => RU
                    [phone] => 89052821155
                    [company] => admin
                )

        )

)

2021-03-02T19:18:39+00:00 NOTICE sync_store :: posting data :: Array
(
    [store_post] => Array
        (
            [id] => 603e8dc04e737
            [is_syncing] => 
            [platform] => woocommerce
            [list_id] => 6c3d0825fd
            [name] => admin
            [domain] => http://tikken23.beget.tech
            [email_address] => tikken23@gmail.com
            [currency_code] => GBP
            [money_format] => £
            [primary_locale] => ru_RU
            [timezone] => +03:00
            [phone] => 89052821155
            [address] => Array
                (
                    [address1] => test
                    [city] => Санкт-Петербург
                    [province] => spb
                    [postal_code] => 236001
                    [country] => RU
                    [country_code] => RU
                    [phone] => 89052821155
                    [company] => admin
                )

        )

)

2021-03-02T19:18:41+00:00 NOTICE sync_store :: posting data :: Array
(
    [store_post] => Array
        (
            [id] => 603e8dc04e737
            [is_syncing] => 
            [platform] => woocommerce
            [list_id] => 6c3d0825fd
            [name] => admin
            [domain] => http://tikken23.beget.tech
            [email_address] => tikken23@gmail.com
            [currency_code] => GBP
            [money_format] => £
            [primary_locale] => ru_RU
            [timezone] => +03:00
            [phone] => 89052821155
            [address] => Array
                (
                    [address1] => test
                    [city] => Санкт-Петербург
                    [province] => spb
                    [postal_code] => 236001
                    [country] => RU
                    [country_code] => RU
                    [phone] => 89052821155
                    [company] => admin
                )

        )

)

2021-03-02T19:18:44+00:00 NOTICE mailchimp-woocommerce-sync.started :: Starting Sync :: Tue, Mar 2, 2021 7:18 PM
2021-03-02T19:18:45+00:00 NOTICE action_scheduler.queue_job :: MailChimp_WooCommerce_Process_Coupons queued :: page 1
2021-03-02T19:19:22+00:00 NOTICE coupon_sync.completed :: Done with the coupon queueing.
2021-03-02T19:19:22+00:00 NOTICE sync.full_sync_manager.queue :: Starting PRODUCTS queueing.
2021-03-02T19:19:22+00:00 NOTICE action_scheduler.queue_job :: MailChimp_WooCommerce_Process_Products queued :: page 1
2021-03-02T19:19:24+00:00 NOTICE product_sync.completed :: Done with the product queuing
2021-03-02T19:19:49+00:00 NOTICE action_scheduler.queue_job :: MailChimp_WooCommerce_Process_Orders queued :: page 1
2021-03-02T19:19:51+00:00 NOTICE order_sync.completed :: Done with the order queueing.
2021-03-02T19:20:16+00:00 NOTICE sync.completed :: Finished Sync :: Tue, Mar 2, 2021 7:20 PM (total time: 00:01:34)
2021-03-02T20:18:26+00:00 NOTICE action_scheduler.queue_job :: MailChimp_WooCommerce_Single_Product starts in 5 seconds :: obj_id 29
2021-03-02T20:19:15+00:00 NOTICE product_submit.success :: addStoreProduct :: #29
2021-03-02T20:21:13+00:00 NOTICE action_scheduler.queue_job :: MailChimp_WooCommerce_Single_Product starts in 5 seconds :: obj_id 29
2021-03-02T20:21:35+00:00 NOTICE product_submit.success :: updateStoreProduct :: #29
2021-03-02T20:22:19+00:00 NOTICE action_scheduler.queue_job :: MailChimp_WooCommerce_Single_Product starts in 5 seconds :: obj_id 29
2021-03-02T20:23:05+00:00 NOTICE product_submit.success :: updateStoreProduct :: #29
2021-03-02T20:25:07+00:00 NOTICE action_scheduler.queue_job :: MailChimp_WooCommerce_Single_Product starts in 5 seconds :: obj_id 29
2021-03-02T20:26:14+00:00 NOTICE product_submit.success :: updateStoreProduct :: #29
